<?xml version="1.0" encoding="UTF-8"?>
<!-- Generated by org.testng.reporters.JUnitReportReporter -->
<testsuite hostname="BDC4-L-FDPF0X2" failures="0" tests="2" name="practice.MainTest" time="114.662" errors="0" timestamp="2021-03-17T13:00:38 IST" skipped="0">
  <testcase classname="practice.MainTest" name="f" time="3.653"/>
  <testcase classname="practice.MainTest" name="event" time="111.009"/>
</testsuite> <!-- practice.MainTest -->
