<?xml version="1.0" encoding="UTF-8"?>
<!-- Generated by org.testng.reporters.JUnitReportReporter -->
<testsuite hostname="BDC4-L-FDPF0X2" failures="0" tests="2" name="practice1.MainTest" time="127.547" errors="0" timestamp="2021-03-17T13:10:35 IST" skipped="0">
  <testcase classname="practice1.MainTest" name="f" time="3.736"/>
  <testcase classname="practice1.MainTest" name="event" time="123.811"/>
</testsuite> <!-- practice1.MainTest -->
