<?xml version="1.0" encoding="UTF-8"?>
<!-- Generated by org.testng.reporters.JUnitReportReporter -->
<testsuite hostname="BDC4-L-FDPF0X2" failures="0" tests="1" name="tasks.Loginapplication" time="13.841" errors="0" timestamp="2021-03-19T18:33:23 IST" skipped="0">
  <testcase classname="tasks.Loginapplication" name="Login" time="13.841"/>
</testsuite> <!-- tasks.Loginapplication -->
