<?xml version="1.0" encoding="UTF-8"?>
<!-- Generated by org.testng.reporters.JUnitReportReporter -->
<testsuite hostname="BDC4-L-FDPF0X2" failures="0" tests="1" name="practice.testp1" time="82.436" errors="0" timestamp="2019-11-21T15:14:58 IST" skipped="0">
  <testcase classname="practice.testp1" name="event" time="82.436"/>
</testsuite> <!-- practice.testp1 -->
