<?xml version="1.0" encoding="UTF-8"?>
<!-- Generated by org.testng.reporters.JUnitReportReporter -->
<testsuite hostname="BDC4-L-FDPF0X2" failures="0" tests="2" name="practice.Regression" time="72.365" errors="0" timestamp="2019-11-21T11:12:12 IST" skipped="0">
  <testcase classname="practice.Regression" name="f" time="9.050"/>
  <testcase classname="practice.Regression" name="f1" time="63.315"/>
</testsuite> <!-- practice.Regression -->
