<?xml version="1.0" encoding="UTF-8"?>
<!-- Generated by org.testng.reporters.JUnitReportReporter -->
<testsuite hostname="BDC4-L-FDPF0X2" failures="0" tests="1" name="Testcases.Homepage" time="0.003" errors="0" timestamp="2021-03-18T10:53:07 IST" skipped="0">
  <testcase classname="Testcases.Homepage" name="Login" time="0.003"/>
</testsuite> <!-- Testcases.Homepage -->
